

Microchip Technology PIC LITE Macro Assembler V1.36 build -262312587 
                                                                                               Sat Jun 25 02:07:42 2016

Microchip Technology Omniscient Code Generator v1.36 (Free mode) build 201601150325
     1                           	processor	16F873A
     2                           	opt	pw 120
     3                           	opt	lm
     4                           	psect	cinit,global,class=CODE,merge=1,delta=2
     5                           	psect	bssBANK0,global,class=BANK0,space=1,delta=1
     6                           	psect	cstackCOMMON,global,class=COMMON,space=1,delta=1
     7                           	psect	cstackBANK0,global,class=BANK0,space=1,delta=1
     8                           	psect	maintext,global,class=CODE,split=1,delta=2
     9                           	psect	text1,local,class=CODE,merge=1,delta=2
    10                           	psect	text2,local,class=CODE,merge=1,delta=2
    11                           	psect	intentry,global,class=CODE,delta=2
    12                           	psect	text3,local,class=CODE,merge=1,delta=2
    13                           	dabs	1,0x7E,2
    14  0000                     	;# 
    15  0001                     	;# 
    16  0002                     	;# 
    17  0003                     	;# 
    18  0004                     	;# 
    19  0005                     	;# 
    20  0006                     	;# 
    21  0007                     	;# 
    22  000A                     	;# 
    23  000B                     	;# 
    24  000C                     	;# 
    25  000D                     	;# 
    26  000E                     	;# 
    27  000E                     	;# 
    28  000F                     	;# 
    29  0010                     	;# 
    30  0011                     	;# 
    31  0012                     	;# 
    32  0013                     	;# 
    33  0014                     	;# 
    34  0015                     	;# 
    35  0015                     	;# 
    36  0016                     	;# 
    37  0017                     	;# 
    38  0018                     	;# 
    39  0019                     	;# 
    40  001A                     	;# 
    41  001B                     	;# 
    42  001B                     	;# 
    43  001C                     	;# 
    44  001D                     	;# 
    45  001E                     	;# 
    46  001F                     	;# 
    47  0081                     	;# 
    48  0085                     	;# 
    49  0086                     	;# 
    50  0087                     	;# 
    51  008C                     	;# 
    52  008D                     	;# 
    53  008E                     	;# 
    54  0091                     	;# 
    55  0092                     	;# 
    56  0093                     	;# 
    57  0094                     	;# 
    58  0098                     	;# 
    59  0099                     	;# 
    60  009C                     	;# 
    61  009D                     	;# 
    62  009E                     	;# 
    63  009F                     	;# 
    64  010C                     	;# 
    65  010D                     	;# 
    66  010E                     	;# 
    67  010F                     	;# 
    68  018C                     	;# 
    69  018D                     	;# 
    70  0017                     _CCP1CONbits	set	23
    71  0015                     _CCPR1L	set	21
    72  000B                     _INTCONbits	set	11
    73  000C                     _PIR1bits	set	12
    74  0005                     _PORTA	set	5
    75  0005                     _PORTAbits	set	5
    76  0006                     _PORTB	set	6
    77  0007                     _PORTC	set	7
    78  0007                     _PORTCbits	set	7
    79  001A                     _RCREG	set	26
    80  0018                     _RCSTAbits	set	24
    81  0013                     _SSPBUF	set	19
    82  0014                     _SSPCONbits	set	20
    83  0003                     _STATUSbits	set	3
    84  0012                     _T2CON	set	18
    85  0012                     _T2CONbits	set	18
    86  009F                     _ADCON1	set	159
    87  009C                     _CMCONbits	set	156
    88  0081                     _OPTION_REGbits	set	129
    89  008C                     _PIE1bits	set	140
    90  0092                     _PR2	set	146
    91  0099                     _SPBRG	set	153
    92  0094                     _SSPSTATbits	set	148
    93  0085                     _TRISA	set	133
    94  0086                     _TRISB	set	134
    95  0087                     _TRISC	set	135
    96  0087                     _TRISCbits	set	135
    97  0098                     _TXSTAbits	set	152
    98                           
    99                           ; #config settings
   100  0000                     
   101                           	psect	cinit
   102  0013                     start_initialization:	
   103  0013                     __initialization:	
   104                           
   105                           ; Clear objects allocated to BANK0
   106  0013  01AE               	clrf	__pbssBANK0& (0+127)
   107  0014  01AF               	clrf	(__pbssBANK0+1)& (0+127)
   108  0015  01B0               	clrf	(__pbssBANK0+2)& (0+127)
   109  0016  01B1               	clrf	(__pbssBANK0+3)& (0+127)
   110  0017  01B2               	clrf	(__pbssBANK0+4)& (0+127)
   111  0018  01B3               	clrf	(__pbssBANK0+5)& (0+127)
   112  0019                     end_of_initialization:	
   113                           ;End of C runtime variable initialization code
   114                           
   115  0019                     __end_of__initialization:	
   116  0019  0183               	clrf	3
   117  001A  118A  281C         	ljmp	_main	;jump to C main() function
   118                           
   119                           	psect	bssBANK0
   120  002E                     __pbssBANK0:	
   121  002E                     _currentByte:	
   122  002E                     	ds	2
   123  0030                     _heartbeat:	
   124  0030                     	ds	2
   125  0032                     _scratch:	
   126  0032                     	ds	2
   127                           
   128                           	psect	cstackCOMMON
   129  0000                     __pcstackCOMMON:	
   130  0000                     ??_countDelay:	
   131  0000                     ??_main:	
   132                           ; 1 bytes @ 0x0
   133                           
   134  0000                     ??i1_countDelay:	
   135                           ; 1 bytes @ 0x0
   136                           
   137                           
   138                           	psect	cstackBANK0
   139  0020                     __pcstackBANK0:	
   140                           ; 1 bytes @ 0x0
   141                           
   142  0020                     ?_isr:	
   143  0020                     ?_main:	
   144                           ; 1 bytes @ 0x0
   145                           
   146  0020                     ?i1_countDelay:	
   147                           ; 1 bytes @ 0x0
   148                           
   149  0020                     i1countDelay@n:	
   150                           ; 1 bytes @ 0x0
   151                           
   152                           
   153                           ; 2 bytes @ 0x0
   154  0020                     	ds	2
   155  0022                     i1countDelay@x:	
   156                           
   157                           ; 2 bytes @ 0x2
   158  0022                     	ds	2
   159  0024                     ??_isr:	
   160                           
   161                           ; 1 bytes @ 0x4
   162  0024                     	ds	6
   163  002A                     ?_countDelay:	
   164  002A                     countDelay@n:	
   165                           ; 1 bytes @ 0xA
   166                           
   167                           
   168                           ; 2 bytes @ 0xA
   169  002A                     	ds	2
   170  002C                     countDelay@x:	
   171                           
   172                           ; 2 bytes @ 0xC
   173  002C                     	ds	2
   174                           
   175                           	psect	maintext
   176  001C                     __pmaintext:	
   177 ;;
   178 ;;Main: autosize = 0, tempsize = 0, incstack = 0, save=0
   179 ;;
   180 ;; *************** function _main *****************
   181 ;; Defined at:
   182 ;;		line 54 in file "main.c"
   183 ;; Parameters:    Size  Location     Type
   184 ;;		None
   185 ;; Auto vars:     Size  Location     Type
   186 ;;		None
   187 ;; Return value:  Size  Location     Type
   188 ;;                  1    wreg      void 
   189 ;; Registers used:
   190 ;;		wreg, status,2, status,0, pclath, cstack
   191 ;; Tracked objects:
   192 ;;		On entry : B00/0
   193 ;;		On exit  : 0/0
   194 ;;		Unchanged: 0/0
   195 ;; Data sizes:     COMMON   BANK0   BANK1
   196 ;;      Params:         0       0       0
   197 ;;      Locals:         0       0       0
   198 ;;      Temps:          0       0       0
   199 ;;      Totals:         0       0       0
   200 ;;Total ram usage:        0 bytes
   201 ;; Hardware stack levels required when called:    3
   202 ;; This function calls:
   203 ;;		_countDelay
   204 ;; This function is called by:
   205 ;;		Startup code after reset
   206 ;; This function uses a non-reentrant model
   207 ;;
   208                           
   209                           
   210                           ;psect for function _main
   211  001C                     _main:	
   212                           
   213                           ;main.c: 56: INTCONbits.GIE = 0;
   214                           
   215                           ;incstack = 0
   216                           ; Regs used in _main: [wreg+status,2+status,0+pclath+cstack]
   217  001C  138B               	bcf	11,7	;volatile
   218                           
   219                           ;main.c: 59: PORTA = 0;
   220  001D  1283               	bcf	3,5	;RP0=0, select bank0
   221  001E  1303               	bcf	3,6	;RP1=0, select bank0
   222  001F  0185               	clrf	5	;volatile
   223                           
   224                           ;main.c: 60: PORTB = 0;
   225  0020  0186               	clrf	6	;volatile
   226                           
   227                           ;main.c: 61: PORTC = 0;
   228  0021  0187               	clrf	7	;volatile
   229                           
   230                           ;main.c: 64: STATUSbits.RP1 = 0; STATUSbits.RP0 = 1;;
   231  0022  1303               	bcf	3,6	;volatile
   232  0023  1683               	bsf	3,5	;volatile
   233                           
   234                           ;main.c: 67: ADCON1 = 0x06;
   235  0024  3006               	movlw	6
   236  0025  1683               	bsf	3,5	;RP0=1, select bank1
   237  0026  1303               	bcf	3,6	;RP1=0, select bank1
   238  0027  009F               	movwf	31	;volatile
   239                           
   240                           ;main.c: 70: CMCONbits.CM0 = 1;
   241  0028  141C               	bsf	28,0	;volatile
   242                           
   243                           ;main.c: 71: CMCONbits.CM1 = 1;
   244  0029  149C               	bsf	28,1	;volatile
   245                           
   246                           ;main.c: 72: CMCONbits.CM2 = 1;
   247  002A  151C               	bsf	28,2	;volatile
   248                           
   249                           ;main.c: 75: OPTION_REGbits.T0CS = 0;
   250  002B  1281               	bcf	1,5	;volatile
   251                           
   252                           ;main.c: 78: TRISA = 0;
   253  002C  0185               	clrf	5	;volatile
   254                           
   255                           ;main.c: 79: TRISB = 0;
   256  002D  0186               	clrf	6	;volatile
   257                           
   258                           ;main.c: 80: TRISC = 0;
   259  002E  0187               	clrf	7	;volatile
   260                           
   261                           ;main.c: 86: TRISCbits.TRISC7 = 1;
   262  002F  1787               	bsf	7,7	;volatile
   263                           
   264                           ;main.c: 89: TXSTAbits.TXEN = 0;
   265  0030  1298               	bcf	24,5	;volatile
   266                           
   267                           ;main.c: 90: TXSTAbits.SYNC = 0;
   268  0031  1218               	bcf	24,4	;volatile
   269                           
   270                           ;main.c: 91: TXSTAbits.BRGH = 1;
   271  0032  1518               	bsf	24,2	;volatile
   272                           
   273                           ;main.c: 92: SPBRG = 25;
   274  0033  3019               	movlw	25
   275  0034  0099               	movwf	25	;volatile
   276                           
   277                           ;main.c: 95: SSPSTATbits.CKE = 1;
   278  0035  1714               	bsf	20,6	;volatile
   279                           
   280                           ;main.c: 98: PIE1bits.RCIE = 1;
   281  0036  168C               	bsf	12,5	;volatile
   282                           
   283                           ;main.c: 101: STATUSbits.RP1 = 0; STATUSbits.RP0 = 0;;
   284  0037  1283               	bcf	3,5	;RP0=0, select bank0
   285  0038  1303               	bcf	3,6	;RP1=0, select bank0
   286  0039  1303               	bcf	3,6	;volatile
   287  003A  1283               	bcf	3,5	;volatile
   288                           
   289                           ;main.c: 104: PORTA = 0;
   290  003B  0185               	clrf	5	;volatile
   291                           
   292                           ;main.c: 105: PORTB = 0;
   293  003C  0186               	clrf	6	;volatile
   294                           
   295                           ;main.c: 106: PORTC = 0;
   296  003D  0187               	clrf	7	;volatile
   297                           
   298                           ;main.c: 109: RCSTAbits.RX9 = 0;
   299  003E  1318               	bcf	24,6	;volatile
   300                           
   301                           ;main.c: 110: RCSTAbits.ADDEN = 0;
   302  003F  1198               	bcf	24,3	;volatile
   303                           
   304                           ;main.c: 111: RCSTAbits.SPEN = 1;
   305  0040  1798               	bsf	24,7	;volatile
   306                           
   307                           ;main.c: 112: RCSTAbits.CREN = 1;
   308  0041  1618               	bsf	24,4	;volatile
   309                           
   310                           ;main.c: 115: SSPCONbits.CKP = 0;
   311  0042  1214               	bcf	20,4	;volatile
   312                           
   313                           ;main.c: 116: SSPCONbits.SSPM = 0b0010;
   314  0043  0814               	movf	20,w	;volatile
   315  0044  39F0               	andlw	-16
   316  0045  3802               	iorlw	2
   317  0046  0094               	movwf	20	;volatile
   318                           
   319                           ;main.c: 117: SSPCONbits.SSPEN = 1;
   320  0047  1694               	bsf	20,5	;volatile
   321                           
   322                           ;main.c: 120: INTCONbits.PEIE = 1;
   323  0048  170B               	bsf	11,6	;volatile
   324                           
   325                           ;main.c: 121: PIR1bits.RCIF = 0;
   326  0049  128C               	bcf	12,5	;volatile
   327                           
   328                           ;main.c: 124: INTCONbits.INTE = 1;
   329  004A  160B               	bsf	11,4	;volatile
   330                           
   331                           ;main.c: 125: INTCONbits.INTF = 0;
   332  004B  108B               	bcf	11,1	;volatile
   333                           
   334                           ;main.c: 126: INTCONbits.TMR0IE = 0;
   335  004C  128B               	bcf	11,5	;volatile
   336                           
   337                           ;main.c: 127: INTCONbits.RBIE = 0;
   338  004D  118B               	bcf	11,3	;volatile
   339                           
   340                           ;main.c: 130: PR2 = 0xFF;
   341  004E  30FF               	movlw	255
   342  004F  1683               	bsf	3,5	;RP0=1, select bank1
   343  0050  1303               	bcf	3,6	;RP1=0, select bank1
   344  0051  0092               	movwf	18	;volatile
   345                           
   346                           ;main.c: 131: CCPR1L = 226;
   347  0052  30E2               	movlw	226
   348  0053  1283               	bcf	3,5	;RP0=0, select bank0
   349  0054  1303               	bcf	3,6	;RP1=0, select bank0
   350  0055  0095               	movwf	21	;volatile
   351                           
   352                           ;main.c: 132: CCP1CONbits.CCP1X = CCP1CONbits.CCP1Y = 0;
   353  0056  1217               	bcf	23,4	;volatile
   354  0057  1297               	bcf	23,5	;volatile
   355                           
   356                           ;main.c: 133: T2CON = 0;
   357  0058  0192               	clrf	18	;volatile
   358                           
   359                           ;main.c: 134: T2CONbits.T2CKPS1 = 0;
   360  0059  1092               	bcf	18,1	;volatile
   361                           
   362                           ;main.c: 135: T2CONbits.T2CKPS0 = 1;
   363  005A  1412               	bsf	18,0	;volatile
   364                           
   365                           ;main.c: 136: T2CONbits.TMR2ON = 1;
   366  005B  1512               	bsf	18,2	;volatile
   367                           
   368                           ;main.c: 137: CCP1CONbits.CCP1M3 = CCP1CONbits.CCP1M2 = 1;
   369  005C  1517               	bsf	23,2	;volatile
   370  005D  1D17               	btfss	23,2	;volatile
   371  005E  2863               	goto	u160
   372  005F  1283               	bcf	3,5	;RP0=0, select bank0
   373  0060  1303               	bcf	3,6	;RP1=0, select bank0
   374  0061  1597               	bsf	23,3	;volatile
   375  0062  2866               	goto	l811
   376  0063                     u160:	
   377  0063  1283               	bcf	3,5	;RP0=0, select bank0
   378  0064  1303               	bcf	3,6	;RP1=0, select bank0
   379  0065  1197               	bcf	23,3	;volatile
   380  0066                     l811:	
   381                           
   382                           ;main.c: 140: INTCONbits.GIE = 1;
   383  0066  178B               	bsf	11,7	;volatile
   384  0067                     l813:	
   385                           ;main.c: 143: while(1) {
   386                           
   387                           
   388                           ;main.c: 157: heartbeat++;
   389  0067  3001               	movlw	1
   390  0068  1283               	bcf	3,5	;RP0=0, select bank0
   391  0069  1303               	bcf	3,6	;RP1=0, select bank0
   392  006A  07B0               	addwf	_heartbeat,f
   393  006B  1803               	skipnc
   394  006C  0AB1               	incf	_heartbeat+1,f
   395  006D  3000               	movlw	0
   396  006E  07B1               	addwf	_heartbeat+1,f
   397                           
   398                           ;main.c: 158: if(heartbeat == 200) {
   399  006F  30C8               	movlw	200
   400  0070  0630               	xorwf	_heartbeat,w
   401  0071  0431               	iorwf	_heartbeat+1,w
   402  0072  1D03               	btfss	3,2
   403  0073  2882               	goto	l819
   404                           
   405                           ;main.c: 159: PORTAbits.RA0 = ~PORTAbits.RA0;
   406  0074  1003               	clrc
   407  0075  1C05               	btfss	5,0	;volatile
   408  0076  1403               	setc
   409  0077  1C03               	btfss	3,0
   410  0078  287D               	goto	u190
   411  0079  1283               	bcf	3,5	;RP0=0, select bank0
   412  007A  1303               	bcf	3,6	;RP1=0, select bank0
   413  007B  1405               	bsf	5,0	;volatile
   414  007C  2880               	goto	l817
   415  007D                     u190:	
   416  007D  1283               	bcf	3,5	;RP0=0, select bank0
   417  007E  1303               	bcf	3,6	;RP1=0, select bank0
   418  007F  1005               	bcf	5,0	;volatile
   419  0080                     l817:	
   420                           
   421                           ;main.c: 160: heartbeat = 0;
   422  0080  01B0               	clrf	_heartbeat
   423  0081  01B1               	clrf	_heartbeat+1
   424  0082                     l819:	
   425                           
   426                           ;main.c: 161: }
   427                           ;main.c: 163: countDelay(128);
   428  0082  3080               	movlw	128
   429  0083  00AA               	movwf	countDelay@n
   430  0084  3000               	movlw	0
   431  0085  00AB               	movwf	countDelay@n+1
   432  0086  118A  20CC  118A   	fcall	_countDelay
   433  0089  2867               	goto	l813
   434  008A                     __end_of_main:	
   435                           
   436                           	psect	text1
   437  00CC                     __ptext1:	
   438 ;; *************** function _countDelay *****************
   439 ;; Defined at:
   440 ;;		line 167 in file "main.c"
   441 ;; Parameters:    Size  Location     Type
   442 ;;  n               2   10[BANK0 ] int 
   443 ;; Auto vars:     Size  Location     Type
   444 ;;  x               2   12[BANK0 ] int 
   445 ;; Return value:  Size  Location     Type
   446 ;;                  1    wreg      void 
   447 ;; Registers used:
   448 ;;		wreg, status,2, status,0
   449 ;; Tracked objects:
   450 ;;		On entry : 0/0
   451 ;;		On exit  : 0/0
   452 ;;		Unchanged: 0/0
   453 ;; Data sizes:     COMMON   BANK0   BANK1
   454 ;;      Params:         0       2       0
   455 ;;      Locals:         0       2       0
   456 ;;      Temps:          0       0       0
   457 ;;      Totals:         0       4       0
   458 ;;Total ram usage:        4 bytes
   459 ;; Hardware stack levels used:    1
   460 ;; Hardware stack levels required when called:    2
   461 ;; This function calls:
   462 ;;		Nothing
   463 ;; This function is called by:
   464 ;;		_main
   465 ;; This function uses a non-reentrant model
   466 ;;
   467                           
   468                           
   469                           ;psect for function _countDelay
   470  00CC                     _countDelay:	
   471                           
   472                           ;main.c: 168: int x = 0;
   473                           
   474                           ;incstack = 0
   475                           ; Regs used in _countDelay: [wreg+status,2+status,0]
   476  00CC  1283               	bcf	3,5	;RP0=0, select bank0
   477  00CD  1303               	bcf	3,6	;RP1=0, select bank0
   478  00CE  01AC               	clrf	countDelay@x
   479  00CF  01AD               	clrf	countDelay@x+1
   480  00D0                     l689:	
   481                           ;main.c: 169: while(n--) {
   482                           
   483  00D0  30FF               	movlw	255
   484  00D1  07AA               	addwf	countDelay@n,f
   485  00D2  1803               	skipnc
   486  00D3  0AAB               	incf	countDelay@n+1,f
   487  00D4  30FF               	movlw	255
   488  00D5  07AB               	addwf	countDelay@n+1,f
   489  00D6  0A2A               	incf	countDelay@n,w
   490  00D7  1903               	btfsc	3,2
   491  00D8  0A2B               	incf	countDelay@n+1,w
   492  00D9  1903               	btfsc	3,2
   493  00DA  0008               	return
   494                           
   495                           ;main.c: 170: x++;
   496  00DB  3001               	movlw	1
   497  00DC  07AC               	addwf	countDelay@x,f
   498  00DD  1803               	skipnc
   499  00DE  0AAD               	incf	countDelay@x+1,f
   500  00DF  3000               	movlw	0
   501  00E0  07AD               	addwf	countDelay@x+1,f
   502  00E1  28D0               	goto	l689
   503  00E2                     __end_of_countDelay:	
   504                           
   505                           	psect	text2
   506  008A                     __ptext2:	
   507 ;; *************** function _isr *****************
   508 ;; Defined at:
   509 ;;		line 24 in file "main.c"
   510 ;; Parameters:    Size  Location     Type
   511 ;;		None
   512 ;; Auto vars:     Size  Location     Type
   513 ;;		None
   514 ;; Return value:  Size  Location     Type
   515 ;;                  1    wreg      void 
   516 ;; Registers used:
   517 ;;		wreg, status,2, status,0, pclath, cstack
   518 ;; Tracked objects:
   519 ;;		On entry : 0/0
   520 ;;		On exit  : 0/0
   521 ;;		Unchanged: 0/0
   522 ;; Data sizes:     COMMON   BANK0   BANK1
   523 ;;      Params:         0       0       0
   524 ;;      Locals:         0       0       0
   525 ;;      Temps:          0       6       0
   526 ;;      Totals:         0       6       0
   527 ;;Total ram usage:        6 bytes
   528 ;; Hardware stack levels used:    1
   529 ;; Hardware stack levels required when called:    1
   530 ;; This function calls:
   531 ;;		i1_countDelay
   532 ;; This function is called by:
   533 ;;		Interrupt level 1
   534 ;; This function uses a non-reentrant model
   535 ;;
   536                           
   537                           
   538                           ;psect for function _isr
   539  008A                     _isr:	
   540                           
   541                           ;main.c: 25: scratch = RCREG;
   542  008A  081A               	movf	26,w	;volatile
   543  008B  00A4               	movwf	??_isr
   544  008C  01A5               	clrf	??_isr+1
   545  008D  0824               	movf	??_isr,w
   546  008E  00B2               	movwf	_scratch
   547  008F  0825               	movf	??_isr+1,w
   548  0090  00B3               	movwf	_scratch+1
   549                           
   550                           ;main.c: 28: if(scratch == 0xCC) {
   551  0091  30CC               	movlw	204
   552  0092  0632               	xorwf	_scratch,w
   553  0093  0433               	iorwf	_scratch+1,w
   554  0094  1D03               	btfss	3,2
   555  0095  2898               	goto	i1l703
   556                           
   557                           ;main.c: 29: currentByte = 1;
   558  0096  3001               	movlw	1
   559  0097  289F               	goto	L1
   560  0098                     i1l703:	
   561                           ;main.c: 30: }
   562                           
   563                           
   564                           ;main.c: 31: else {
   565                           ;main.c: 32: if(currentByte == 1) {
   566  0098  032E               	decf	_currentByte,w
   567  0099  042F               	iorwf	_currentByte+1,w
   568  009A  1D03               	btfss	3,2
   569  009B  28A3               	goto	i1l707
   570                           
   571                           ;main.c: 34: SSPBUF = scratch;
   572  009C  0832               	movf	_scratch,w
   573  009D  0093               	movwf	19	;volatile
   574                           
   575                           ;main.c: 35: currentByte = 2;
   576  009E  3002               	movlw	2
   577  009F                     L1:	
   578  009F  00AE               	movwf	_currentByte
   579  00A0  3000               	movlw	0
   580  00A1  00AF               	movwf	_currentByte+1
   581                           
   582                           ;main.c: 36: }
   583  00A2  28C0               	goto	i1l721
   584  00A3                     i1l707:	
   585                           
   586                           ;main.c: 37: else if(currentByte == 2) {
   587  00A3  3002               	movlw	2
   588  00A4  062E               	xorwf	_currentByte,w
   589  00A5  042F               	iorwf	_currentByte+1,w
   590  00A6  1D03               	btfss	3,2
   591  00A7  28C0               	goto	i1l721
   592                           
   593                           ;main.c: 39: SSPBUF = scratch;
   594  00A8  0832               	movf	_scratch,w
   595  00A9  0093               	movwf	19	;volatile
   596                           
   597                           ;main.c: 42: countDelay(128);
   598  00AA  3080               	movlw	128
   599  00AB  00A0               	movwf	i1countDelay@n
   600  00AC  3000               	movlw	0
   601  00AD  00A1               	movwf	i1countDelay@n+1
   602  00AE  118A  20E2  118A   	fcall	i1_countDelay
   603                           
   604                           ;main.c: 43: PORTCbits.RC1 = 1;
   605  00B1  1283               	bcf	3,5	;RP0=0, select bank0
   606  00B2  1303               	bcf	3,6	;RP1=0, select bank0
   607  00B3  1487               	bsf	7,1	;volatile
   608                           
   609                           ;main.c: 44: countDelay(128);
   610  00B4  3080               	movlw	128
   611  00B5  00A0               	movwf	i1countDelay@n
   612  00B6  3000               	movlw	0
   613  00B7  00A1               	movwf	i1countDelay@n+1
   614  00B8  118A  20E2  118A   	fcall	i1_countDelay
   615                           
   616                           ;main.c: 45: PORTCbits.RC1 = 0;
   617  00BB  1283               	bcf	3,5	;RP0=0, select bank0
   618  00BC  1303               	bcf	3,6	;RP1=0, select bank0
   619  00BD  1087               	bcf	7,1	;volatile
   620                           
   621                           ;main.c: 47: currentByte = 0;
   622  00BE  01AE               	clrf	_currentByte
   623  00BF  01AF               	clrf	_currentByte+1
   624  00C0                     i1l721:	
   625                           
   626                           ;main.c: 48: }
   627                           ;main.c: 49: }
   628                           ;main.c: 51: PIR1bits.RCIF = 0;
   629  00C0  128C               	bcf	12,5	;volatile
   630  00C1  0829               	movf	??_isr+5,w
   631  00C2  00FF               	movwf	127
   632  00C3  0828               	movf	??_isr+4,w
   633  00C4  008A               	movwf	10
   634  00C5  0827               	movf	??_isr+3,w
   635  00C6  0084               	movwf	4
   636  00C7  0E26               	swapf	(??_isr+2)^0,w
   637  00C8  0083               	movwf	3
   638  00C9  0EFE               	swapf	126,f
   639  00CA  0E7E               	swapf	126,w
   640  00CB  0009               	retfie
   641  00CC                     __end_of_isr:	
   642                           
   643                           	psect	intentry
   644  0004                     __pintentry:	
   645                           ;incstack = 0
   646                           ; Regs used in _isr: [wreg+status,2+status,0+pclath+cstack]
   647                           
   648  0004                     interrupt_function:	
   649  007E                     saved_w	set	btemp
   650  0004  00FE               	movwf	btemp
   651  0005  0E03               	swapf	3,w
   652  0006  1283               	bcf	3,5	;RP0=0, select bank0
   653  0007  1303               	bcf	3,6	;RP1=0, select bank0
   654  0008  00A6               	movwf	??_isr+2
   655  0009  0804               	movf	4,w
   656  000A  00A7               	movwf	??_isr+3
   657  000B  080A               	movf	10,w
   658  000C  00A8               	movwf	??_isr+4
   659  000D  087F               	movf	btemp+1,w
   660  000E  00A9               	movwf	??_isr+5
   661  000F  118A  288A         	ljmp	_isr
   662                           
   663                           	psect	text3
   664  00E2                     __ptext3:	
   665 ;; *************** function i1_countDelay *****************
   666 ;; Defined at:
   667 ;;		line 167 in file "main.c"
   668 ;; Parameters:    Size  Location     Type
   669 ;;  n               2    0[BANK0 ] int 
   670 ;; Auto vars:     Size  Location     Type
   671 ;;  countDelay      2    2[BANK0 ] int 
   672 ;; Return value:  Size  Location     Type
   673 ;;                  1    wreg      void 
   674 ;; Registers used:
   675 ;;		wreg, status,2, status,0
   676 ;; Tracked objects:
   677 ;;		On entry : 0/0
   678 ;;		On exit  : 0/0
   679 ;;		Unchanged: 0/0
   680 ;; Data sizes:     COMMON   BANK0   BANK1
   681 ;;      Params:         0       2       0
   682 ;;      Locals:         0       2       0
   683 ;;      Temps:          0       0       0
   684 ;;      Totals:         0       4       0
   685 ;;Total ram usage:        4 bytes
   686 ;; Hardware stack levels used:    1
   687 ;; This function calls:
   688 ;;		Nothing
   689 ;; This function is called by:
   690 ;;		_isr
   691 ;; This function uses a non-reentrant model
   692 ;;
   693                           
   694                           
   695                           ;psect for function i1_countDelay
   696  00E2                     i1_countDelay:	
   697                           
   698                           ;main.c: 168: int x = 0;
   699                           
   700                           ;incstack = 0
   701                           ; Regs used in i1_countDelay: [wreg+status,2+status,0]
   702  00E2  1283               	bcf	3,5	;RP0=0, select bank0
   703  00E3  1303               	bcf	3,6	;RP1=0, select bank0
   704  00E4  01A2               	clrf	i1countDelay@x
   705  00E5  01A3               	clrf	i1countDelay@x+1
   706  00E6                     i1l695:	
   707                           ;main.c: 169: while(n--) {
   708                           
   709  00E6  30FF               	movlw	255
   710  00E7  07A0               	addwf	i1countDelay@n,f
   711  00E8  1803               	skipnc
   712  00E9  0AA1               	incf	i1countDelay@n+1,f
   713  00EA  30FF               	movlw	255
   714  00EB  07A1               	addwf	i1countDelay@n+1,f
   715  00EC  0A20               	incf	i1countDelay@n,w
   716  00ED  1903               	btfsc	3,2
   717  00EE  0A21               	incf	i1countDelay@n+1,w
   718  00EF  1903               	btfsc	3,2
   719  00F0  0008               	return
   720                           
   721                           ;main.c: 170: x++;
   722  00F1  3001               	movlw	1
   723  00F2  07A2               	addwf	i1countDelay@x,f
   724  00F3  1803               	skipnc
   725  00F4  0AA3               	incf	i1countDelay@x+1,f
   726  00F5  3000               	movlw	0
   727  00F6  07A3               	addwf	i1countDelay@x+1,f
   728  00F7  28E6               	goto	i1l695
   729  00F8                     __end_ofi1_countDelay:	
   730  007E                     btemp	set	126	;btemp
   731  007E                     wtemp	set	126
   732  007E                     wtemp0	set	126
   733  0080                     wtemp1	set	128
   734  0082                     wtemp2	set	130
   735  0084                     wtemp3	set	132
   736  0086                     wtemp4	set	134
   737  0088                     wtemp5	set	136
   738  007F                     wtemp6	set	127
   739  007E                     ttemp	set	126
   740  007E                     ttemp0	set	126
   741  0081                     ttemp1	set	129
   742  0084                     ttemp2	set	132
   743  0087                     ttemp3	set	135
   744  007F                     ttemp4	set	127
   745  007E                     ltemp	set	126
   746  007E                     ltemp0	set	126
   747  0082                     ltemp1	set	130
   748  0086                     ltemp2	set	134
   749  0080                     ltemp3	set	128


Data Sizes:
    Strings     0
    Constant    0
    Data        0
    BSS         6
    Persistent  0
    Stack       0

Auto Spaces:
    Space          Size  Autos    Used
    COMMON            0      0       0
    BANK0            94     14      20
    BANK1            94      0       0

Pointer List with Targets:

    None.

Critical Paths under _main in COMMON

    None.

Critical Paths under _isr in COMMON

    None.

Critical Paths under _main in BANK0

    _main->_countDelay

Critical Paths under _isr in BANK0

    _isr->i1_countDelay

Critical Paths under _main in BANK1

    None.

Critical Paths under _isr in BANK1

    None.

Call Graph Tables:

 ---------------------------------------------------------------------------------
 (Depth) Function   	        Calls       Base Space   Used Autos Params    Refs
 ---------------------------------------------------------------------------------
 (0) _main                                                 0     0      0     164
                         _countDelay
 ---------------------------------------------------------------------------------
 (1) _countDelay                                           4     2      2     164
                                             10 BANK0      4     2      2
 ---------------------------------------------------------------------------------
 Estimated maximum stack depth 1
 ---------------------------------------------------------------------------------
 (Depth) Function   	        Calls       Base Space   Used Autos Params    Refs
 ---------------------------------------------------------------------------------
 (2) _isr                                                  6     6      0      76
                                              4 BANK0      6     6      0
                       i1_countDelay
 ---------------------------------------------------------------------------------
 (3) i1_countDelay                                         4     2      2      76
                                              0 BANK0      4     2      2
 ---------------------------------------------------------------------------------
 Estimated maximum stack depth 3
 ---------------------------------------------------------------------------------

 Call Graph Graphs:

 _main (ROOT)
   _countDelay

 _isr (ROOT)
   i1_countDelay

 Address spaces:
Name               Size   Autos  Total    Cost      Usage
BITCOMMON            0      0       0       0        0.0%
EEDATA              80      0       0       0        0.0%
NULL                 0      0       0       0        0.0%
CODE                 0      0       0       0        0.0%
BITSFR0              0      0       0       1        0.0%
SFR0                 0      0       0       1        0.0%
COMMON               0      0       0       1        0.0%
BITSFR1              0      0       0       2        0.0%
SFR1                 0      0       0       2        0.0%
STACK                0      0       0       2        0.0%
BITBANK0            5E      0       0       3        0.0%
BANK0               5E      E      14       4       21.3%
BITSFR3              0      0       0       4        0.0%
SFR3                 0      0       0       4        0.0%
BITBANK1            5E      0       0       5        0.0%
BITSFR2              0      0       0       5        0.0%
SFR2                 0      0       0       5        0.0%
BANK1               5E      0       0       6        0.0%
ABS                  0      0      14       7        0.0%
DATA                 0      0      14       8        0.0%


Microchip Technology PIC Macro Assembler V1.36 build -262312587 
Symbol Table                                                                                   Sat Jun 25 02:07:42 2016

            __CFG_CP$OFF 0000              _SSPSTATbits 0094                      l811 0066  
                    l813 0067                      l817 0080                      l819 0082  
                    l689 00D0                      u160 0063                      u190 007D  
                    _PR2 0092             __CFG_CPD$OFF 0000                      _isr 008A  
                    fsr0 0004             __CFG_FOSC$XT 0000             __CFG_LVP$OFF 0000  
                   ?_isr 0020             __CFG_WRT$OFF 0000                     _main 001C  
                   btemp 007E            __CFG_BOREN$ON 0000                     ltemp 007E  
                   start 0011                     ttemp 007E                     wtemp 007E  
                  ??_isr 0024                    ?_main 0020            __CFG_WDTE$OFF 0000  
                  _T2CON 0012                    i1l703 0098                    i1l721 00C0  
                  i1l707 00A3                    i1l695 00E6                    _RCREG 001A  
                  _SPBRG 0099                    _PORTA 0005                    _PORTB 0006  
                  _PORTC 0007                    _TRISA 0085                    _TRISB 0086  
                  _TRISC 0087    __size_ofi1_countDelay 0016              countDelay@n 002A  
            countDelay@x 002C                    pclath 000A                    ltemp0 007E  
                  ltemp1 0082                    ltemp2 0086                    ltemp3 0080  
                  ttemp0 007E                    ttemp1 0081                    ttemp2 0084  
                  ttemp3 0087                    ttemp4 007F                    status 0003  
                  wtemp0 007E                    wtemp1 0080                    wtemp2 0082  
                  wtemp3 0084                    wtemp4 0086                    wtemp5 0088  
                  wtemp6 007F          __initialization 0013             __end_of_main 008A  
                 ??_main 0000             i1_countDelay 00E2                   _ADCON1 009F  
                 _CCPR1L 0015                   _SSPBUF 0013           __CFG_PWRTE$OFF 0000  
                 saved_w 007E  __end_of__initialization 0019           __pcstackCOMMON 0000  
         _OPTION_REGbits 0081               __pbssBANK0 002E               __pmaintext 001C  
             __pintentry 0004               _countDelay 00CC                _CMCONbits 009C  
                __ptext1 00CC                  __ptext2 008A                  __ptext3 00E2  
              _T2CONbits 0012             __size_of_isr 0042                  _scratch 0032  
   end_of_initialization 0019                _RCSTAbits 0018                _PORTAbits 0005  
              _PORTCbits 0007                _TRISCbits 0087              ?_countDelay 002A  
            _CCP1CONbits 0017                _TXSTAbits 0098      start_initialization 0013  
            __end_of_isr 00CC      __size_of_countDelay 0016                ___latbits 0001  
          __pcstackBANK0 0020            i1countDelay@n 0020            i1countDelay@x 0022  
              _heartbeat 0030            ?i1_countDelay 0020        interrupt_function 0004  
               _PIE1bits 008C                 _PIR1bits 000C           ??i1_countDelay 0000  
           ??_countDelay 0000              _currentByte 002E       __end_of_countDelay 00E2  
          __size_of_main 006E               _INTCONbits 000B                 intlevel1 0000  
   __end_ofi1_countDelay 00F8               _STATUSbits 0003               _SSPCONbits 0014  
